TLS_AES_256_GCM_SHA384
SERVER_HANDSHAKE_TRAFFIC_SECRET 02effc4ede3901d15611f6aeb306a37caf495114fe2a59dc5a28dd038835b775 f7d4653ff20635599a9f8c9e99468bc91363b469fb7a7768ba5610cadd5d043dbd6c33a014ced8165413d54765c27f01
TLS_AES_256_GCM_SHA384
EXPORTER_SECRET 02effc4ede3901d15611f6aeb306a37caf495114fe2a59dc5a28dd038835b775 98f20a9890130dc15c36f79d8fcf63a2b05383fbf95fde100fdb5c683f42eb28a997c06a77af99745f199fe8623cdd18
TLS_AES_256_GCM_SHA384
SERVER_TRAFFIC_SECRET_0 02effc4ede3901d15611f6aeb306a37caf495114fe2a59dc5a28dd038835b775 b9609610950bbde159cd0dc245fe1800ed456cf94203addcd79a33ff8ffd0e5211a5e8aa6afd14ed93293f837df3f88d
TLS_AES_256_GCM_SHA384
CLIENT_HANDSHAKE_TRAFFIC_SECRET 02effc4ede3901d15611f6aeb306a37caf495114fe2a59dc5a28dd038835b775 ebf72977275ab1207370a7c84939bf62ca18067c8fce1d61b41e5d834e80b9d967fe33f40c0c8e6285d91d0dbf51e196
TLS_AES_256_GCM_SHA384
CLIENT_TRAFFIC_SECRET_0 02effc4ede3901d15611f6aeb306a37caf495114fe2a59dc5a28dd038835b775 78204f4fd1d4396701ec15409e83548a3bbaa63f016ddee83af318decce701d9ea7f331d44d3a2d93e9ea1f5729f2f5a
TLS_AES_256_GCM_SHA384
SERVER_HANDSHAKE_TRAFFIC_SECRET 92c2f17497eb84bfd7325da7aa681f065b7a29b4192236dbb2ea6323b510ac8f b02fd0d414308d4a2cf79a2c8563f6f069dadb3ec21db4c3bb5c33596dbec6071a4874de526372d7026d512d05937c9a
TLS_AES_256_GCM_SHA384
EXPORTER_SECRET 92c2f17497eb84bfd7325da7aa681f065b7a29b4192236dbb2ea6323b510ac8f a278f0c9e10998994c0b0d6f73600a695fbae0ddfcff455aacdeb7ff6f356b92123f340dca2f67469172aa4c99ca4117
TLS_AES_256_GCM_SHA384
SERVER_TRAFFIC_SECRET_0 92c2f17497eb84bfd7325da7aa681f065b7a29b4192236dbb2ea6323b510ac8f 37c90f541c1d75e5536905eea7b116da2ae99f64f7158b9e3a16876f636134100d754496277dcdd3d53d64981c5f6f41
TLS_AES_256_GCM_SHA384
CLIENT_HANDSHAKE_TRAFFIC_SECRET 92c2f17497eb84bfd7325da7aa681f065b7a29b4192236dbb2ea6323b510ac8f 8344a0d4c1246bf6d9051740f7ceb2ba4b643edfedd82cf2ae92a4be6ffa0c4584e293ab18ef32e42c7bb4ddb41b5c27
TLS_AES_256_GCM_SHA384
CLIENT_TRAFFIC_SECRET_0 92c2f17497eb84bfd7325da7aa681f065b7a29b4192236dbb2ea6323b510ac8f 8fea061ffaf6a47774850e19005b63c7af5b983b109a4bab93f5b0ac27ebf76880f62ef15450e22129162e461b71c0cf
TLS_AES_256_GCM_SHA384
SERVER_HANDSHAKE_TRAFFIC_SECRET 323fc8d72c5348348a45ed295a5c696df0d06960f7684585b40f5793cd7ca475 b8b5e8ca7f33b88360e3f220f5e7c56142e806fb0e40b52be20c3805b71d0d863d4d9683046e816efc796f5396b5442c
TLS_AES_256_GCM_SHA384
EXPORTER_SECRET 323fc8d72c5348348a45ed295a5c696df0d06960f7684585b40f5793cd7ca475 ddba0500a2fcce53e3c3a35fe0e1b0bb240dbb94f8404101cf038dc227dc78b3fcf439f87085dc688fef26db5bd38462
TLS_AES_256_GCM_SHA384
SERVER_TRAFFIC_SECRET_0 323fc8d72c5348348a45ed295a5c696df0d06960f7684585b40f5793cd7ca475 11b25829c1b663c7211b193979101c400225be492e817c316e929963e1d0af849d9d32e0bc72a71db652794362b58a29
TLS_AES_256_GCM_SHA384
CLIENT_HANDSHAKE_TRAFFIC_SECRET 323fc8d72c5348348a45ed295a5c696df0d06960f7684585b40f5793cd7ca475 f87d2540b0cfcf4a6da660153558721c46537791b220dca1f1c891ed3eca63c3a1352f3c548997d437d2688991da5492
TLS_AES_256_GCM_SHA384
CLIENT_TRAFFIC_SECRET_0 323fc8d72c5348348a45ed295a5c696df0d06960f7684585b40f5793cd7ca475 1defb7b7a09861a3789e780bea4f4fe83a21bd3f0ecd57ad9843bec21fb71f29b9db4fee53edd1b8c51f9290b305318f
TLS_AES_256_GCM_SHA384
SERVER_HANDSHAKE_TRAFFIC_SECRET a9df8175308f9a76d9e9d975c03eb76abc6b525d7da7051d7c57f531972f36a3 7f3ca42da9de0ec7702f78a60f42beba5fade99285dc4d11ef3a94ebe8664ff03940f4805a98d813ba5ffd7cdf293709
TLS_AES_256_GCM_SHA384
EXPORTER_SECRET a9df8175308f9a76d9e9d975c03eb76abc6b525d7da7051d7c57f531972f36a3 2af8c48e2bca791790bba0a1f3df84d55938df51040d5adbfed5e2ad057c2efb544aa201266567b740babea123cb1562
TLS_AES_256_GCM_SHA384
SERVER_TRAFFIC_SECRET_0 a9df8175308f9a76d9e9d975c03eb76abc6b525d7da7051d7c57f531972f36a3 0ef242268c3ee0a64730ffea04110da41ed6522592cbdd79b2f22904e035a26f66c86e0aa32d81e4f0eb2124be2e64d5
TLS_AES_256_GCM_SHA384
CLIENT_HANDSHAKE_TRAFFIC_SECRET a9df8175308f9a76d9e9d975c03eb76abc6b525d7da7051d7c57f531972f36a3 1e2bc0a26789453eac5249b67b1db166e410bcc33e78201e98e47fc72d3f72f50ee3623182c823b18f74851ba1a350a0
TLS_AES_256_GCM_SHA384
CLIENT_TRAFFIC_SECRET_0 a9df8175308f9a76d9e9d975c03eb76abc6b525d7da7051d7c57f531972f36a3 59c3b3977dd5b4d2dba194be660ecc4fbe18d469a41d96fcf8c539e44c837603217b8550e0caa15391c912d73b843206
TLS_AES_256_GCM_SHA384
SERVER_HANDSHAKE_TRAFFIC_SECRET 3ac2cf49e333a860f88f013c2d6c616f95e38f95b24a2c0f2d447bd1289b0cf3 479865b2fbe378f80252fa94930e12f5428b787c28e06282448553fb5c9d7015d29a9ffdf29ea1091c250c3b42977c4a
TLS_AES_256_GCM_SHA384
EXPORTER_SECRET 3ac2cf49e333a860f88f013c2d6c616f95e38f95b24a2c0f2d447bd1289b0cf3 7306c23b0853b0e89cc86b0aeb6aa111195dc8108f730be4c45f83ab82c2cef9bbb07c31b20e09fa6dc0f6b977b1c66c
TLS_AES_256_GCM_SHA384
SERVER_TRAFFIC_SECRET_0 3ac2cf49e333a860f88f013c2d6c616f95e38f95b24a2c0f2d447bd1289b0cf3 8dcdaf8637d50782393540419a92216517ed51c4ff15f129a73c922faf2a2516e5643c6e059de66c9ae57a25823ca8b9
TLS_AES_256_GCM_SHA384
CLIENT_HANDSHAKE_TRAFFIC_SECRET 3ac2cf49e333a860f88f013c2d6c616f95e38f95b24a2c0f2d447bd1289b0cf3 fde037df349d60e61040717b4bed1281ea85cd8401a588d667863cd26358dc1d8b48dde1e86ae7298c6ed5bb6b329de0
TLS_AES_256_GCM_SHA384
CLIENT_TRAFFIC_SECRET_0 3ac2cf49e333a860f88f013c2d6c616f95e38f95b24a2c0f2d447bd1289b0cf3 8a0f6f1088eba72ad057bf323b1e54e2d129d8afb547c53e109c0702f034965049cb30aba8d874caf02828f159db2b9d
